  Source.cpp
C:\Program Files (x86)\Windows Kits\10\Include\10.0.19041.0\shared\minwindef.h(127,1): warning C4005: 'CALLBACK': macro redefinition
C:\Program Files\Microsoft Visual Studio\2022\Community\VC\Auxiliary\VS\include\glut.h(34): message : see previous definition of 'CALLBACK'
Source.obj : error LNK2019: unresolved external symbol __imp___glutInitWithExit referenced in function glutInit_ATEXIT_HACK
Source.obj : error LNK2019: unresolved external symbol __imp_glutInitDisplayMode referenced in function main
Source.obj : error LNK2019: unresolved external symbol __imp_glutInitWindowPosition referenced in function main
Source.obj : error LNK2019: unresolved external symbol __imp_glutInitWindowSize referenced in function main
Source.obj : error LNK2019: unresolved external symbol __imp_glutMainLoop referenced in function main
Source.obj : error LNK2019: unresolved external symbol __imp___glutCreateWindowWithExit referenced in function glutCreateWindow_ATEXIT_HACK
Source.obj : error LNK2019: unresolved external symbol __imp_glutPostRedisplay referenced in function "void __cdecl handleKeypress(unsigned char,int,int)" (?handleKeypress@@YAXEHH@Z)
Source.obj : error LNK2019: unresolved external symbol __imp_glutSwapBuffers referenced in function "void __cdecl drawScene(void)" (?drawScene@@YAXXZ)
Source.obj : error LNK2019: unresolved external symbol __imp___glutCreateMenuWithExit referenced in function glutCreateMenu_ATEXIT_HACK
Source.obj : error LNK2019: unresolved external symbol __imp_glutAddMenuEntry referenced in function main
Source.obj : error LNK2019: unresolved external symbol __imp_glutAttachMenu referenced in function main
Source.obj : error LNK2019: unresolved external symbol __imp_glutDisplayFunc referenced in function main
Source.obj : error LNK2019: unresolved external symbol __imp_glutKeyboardFunc referenced in function main
Source.obj : error LNK2019: unresolved external symbol __imp_glutIdleFunc referenced in function "void __cdecl menu(int)" (?menu@@YAXH@Z)
Source.obj : error LNK2019: unresolved external symbol __imp_glutTimerFunc referenced in function "void __cdecl update(int)" (?update@@YAXH@Z)
Source.obj : error LNK2019: unresolved external symbol __imp_glutSpecialFunc referenced in function main
C:\Program Files\Microsoft Visual Studio\2022\Community\VC\Auxiliary\VS\lib\x64\glut32.lib : warning LNK4272: library machine type 'x86' conflicts with target machine type 'x64'
E:\SEMESTER 3\Grafika Komputer\Project\Train Animation\x64\Debug\Train Animation.exe : fatal error LNK1120: 16 unresolved externals
